Building DAG of jobs...
Using shell: /usr/bin/bash
Provided cluster nodes: 100
Job counts:
	count	jobs
	1	all
	1	blast_db
	2

[Thu Jun  3 22:06:29 2021]
rule blast_db:
    input: ../../complete-sequence-data/Danio_rerio.GRCz11.pep.all.fa.gz
    output: ../../blast-out/zebrafish_db.fasta
    log: logs/salmon/index_salmon_err.log, logs/salmon/index_salmon_out.log
    jobid: 1

Submitted job 1 with external jobid 'Submitted batch job 1126013'.
[Thu Jun  3 22:06:59 2021]
Error in rule blast_db:
    jobid: 1
    output: ../../blast-out/zebrafish_db.fasta
    log: logs/salmon/index_salmon_err.log, logs/salmon/index_salmon_out.log (check log file(s) for error message)
    conda-env: /vortexfs1/omics/alexander/akrinos/2021-Tutorial-Materials/transcriptomics/code/blast-snake/.snakemake/conda/c0f06a39
    shell:
        
        makeblastdb -in ../../complete-sequence-data/Danio_rerio.GRCz11.pep.all.fa.gz -out ../../blast-out/zebrafish_db.fasta -dbtype prot -parse_seqids
        
        (one of the commands exited with non-zero exit code; note that snakemake uses bash strict mode!)
    cluster_jobid: Submitted batch job 1126013

Error executing rule blast_db on cluster (jobid: 1, external: Submitted batch job 1126013, jobscript: /vortexfs1/omics/alexander/akrinos/2021-Tutorial-Materials/transcriptomics/code/blast-snake/.snakemake/tmp.d006_q3z/snakejob.blast_db.1.sh). For error details see the cluster log and the log files of the involved rule(s).
Shutting down, this might take some time.
Exiting because a job execution failed. Look above for error message
Complete log: /vortexfs1/omics/alexander/akrinos/2021-Tutorial-Materials/transcriptomics/code/blast-snake/.snakemake/log/2021-06-03T220623.208677.snakemake.log
